<?xml version="1.0" encoding="UTF-8"?>
<!-- Generated by org.testng.reporters.JUnitReportReporter -->
<testsuite hostname="Hp-PC" name="tests.WichTelevisionTest" tests="1" failures="0" timestamp="9 Apr 2016 10:44:30 GMT" time="12.081" errors="0">
  <testcase name="filterByBrandPhilips" time="12.081" classname="tests.WichTelevisionTest"/>
</testsuite> <!-- tests.WichTelevisionTest -->
