<?xml version="1.0" encoding="UTF-8"?>
<!-- Generated by org.testng.reporters.JUnitReportReporter -->
<testsuite hostname="Hp-PC" name="pages.frontend.WichTelevisionTest" tests="6" failures="0" timestamp="9 Apr 2016 14:18:39 GMT" time="60.300" errors="0">
  <testcase name="sortByPriceLowToHigh" time="12.199" classname="pages.frontend.WichTelevisionTest"/>
  <testcase name="filterByBrandPhilips" time="11.436" classname="pages.frontend.WichTelevisionTest"/>
  <testcase name="checkSortByDropdown" time="7.621" classname="pages.frontend.WichTelevisionTest"/>
  <testcase name="openTvProductSummaryPage" time="8.670" classname="pages.frontend.WichTelevisionTest"/>
  <testcase name="goToAdviceGuidesPage" time="10.542" classname="pages.frontend.WichTelevisionTest"/>
  <testcase name="goToBestBuyPage" time="9.832" classname="pages.frontend.WichTelevisionTest"/>
</testsuite> <!-- pages.frontend.WichTelevisionTest -->
